<?xml version="1.0" encoding="UTF-8"?>
<!-- Generated by org.testng.reporters.JUnitXMLReporter -->
<testsuite hostname="LTA1RB2HLH-MAC.bbrouter" ignored="0" name="Test" tests="5" failures="2" timestamp="16 Feb 2021 17:40:31 GMT" time="0.845" errors="0">
  <testcase name="doLogin" time="0.012" classname="testcases.TestCase1"/>
  <testcase name="doUserReg" time="0.006" classname="testcases.TestCase1">
    <failure type="java.lang.AssertionError" message="User Reg Test Failed">
      <![CDATA[java.lang.AssertionError: User Reg Test Failed
at testcases.TestCase1.doUserReg(TestCase1.java:69)
... Removed 26 stack frames]]>
    </failure>
  </testcase> <!-- doUserReg -->
  <testcase name="isSkip" time="0.006" classname="testcases.TestCase1">
    <skipped/>
  </testcase> <!-- isSkip -->
  <testcase name="doLogOut" time="0.005" classname="testcases.TestCase1"/>
  <testcase name="doCleanUp" time="0.006" classname="testcases.TestCase1">
    <failure type="java.lang.AssertionError" message="User Reg Test Failed">
      <![CDATA[java.lang.AssertionError: User Reg Test Failed
at testcases.TestCase1.doCleanUp(TestCase1.java:90)
... Removed 26 stack frames]]>
    </failure>
  </testcase> <!-- doCleanUp -->
</testsuite> <!-- Test -->
